

Microchip Technology PIC LITE Macro Assembler V2.00 build -1524193055 
                                                                                               Mon Mar 09 10:59:34 2020

Microchip Technology Omniscient Code Generator v2.00 (Free mode) build 20180527130849
     1  0000                     
      + 0000                     
     2                           ; Version 2.00
     3                           ; Generated 27/05/2018 GMT
     4                           
     5                           ; 
     6                           ; Copyright © 2018, Microchip Technology Inc. and its subsidiaries ("Microchip")
     7                           ; All rights reserved.
     8                           ; 
     9                           ; This software is developed by Microchip Technology Inc. and its subsidiaries ("Microch
                                 ip").
    10                           ; 
    11                           ; Redistribution and use in source and binary forms, with or without modification, are
    12                           ; permitted provided that the following conditions are met:
    13                           ; 
    14                           ;     1. Redistributions of source code must retain the above copyright notice, this lis
                                 t of
    15                           ;        conditions and the following disclaimer.
    16                           ; 
    17                           ;     2. Redistributions in binary form must reproduce the above copyright notice, this 
                                 list
    18                           ;        of conditions and the following disclaimer in the documentation and/or other
    19                           ;        materials provided with the distribution.
    20                           ; 
    21                           ;     3. Microchip's name may not be used to endorse or promote products derived from th
                                 is
    22                           ;        software without specific prior written permission.
    23                           ; 
    24                           ; THIS SOFTWARE IS PROVIDED BY MICROCHIP "AS IS" AND ANY EXPRESS OR IMPLIED WARRANTIES,

    25                           ; INCLUDING, BUT NOT LIMITED TO, THE IMPLIED WARRANTIES OF MERCHANTABILITY AND FITNESS F
                                 OR
    26                           ; PURPOSE ARE DISCLAIMED.  IN NO EVENT SHALL MICROCHIP BE LIABLE FOR ANY DIRECT, INDIREC
                                 T,
    27                           ; INCIDENTAL, SPECIAL, EXEMPLARY, OR CONSEQUENTIAL DAMAGES (INCLUDING BUT NOT LIMITED TO
                                 
    28                           ; PROCUREMENT OF SUBSTITUTE GOODS OR SERVICES; LOSS OF USE, DATA OR PROFITS; OR BUSINESS
                                 
    29                           ; INTERRUPTION) HOWSOEVER CAUSED AND ON ANY THEORY OF LIABILITY, WHETHER IN CONTRACT, ST
                                 RICT
    30                           ; LIABILITY, OR TORT (INCLUDING NEGLIGENCE OR OTHERWISE) ARISING IN ANY WAY OUT OF THE U
                                 SE OF
    31                           ; THIS SOFTWARE, EVEN IF ADVISED OF THE POSSIBILITY OF SUCH DAMAGE.
    32                           ; 
    33                           
    34                           
    35                           ; 
    36                           ; Code-generator required, PIC16F887 Definitions
    37                           ; 
    38  0004                     fsr0 equ 04h
    39  0004                     indf equ 00h
    40  0000                     indf0 equ 00h
    41  0000                     pc equ 02h
    42  0002                     pcl equ 02h
    43  0002                     pclath equ 0Ah
    44  000A                     status equ 03h
    45  0003                     
     2                           opt pagewidth 120
     3  0000                     byte0	macro	val
     4                           	(getbyte(val,0))
     5                           endm
     6  0000                     byte1	macro	val
     7                           	(getbyte(val,1))
     8                           endm
     9  0000                     byte2	macro	val
    10                           	(getbyte(val,2))
    11                           endm
    12  0000                     byte3	macro	val
    13                           	(getbyte(val,3))
    14                           endm
    15  0000                     byte4	macro	val
    16                           	(getbyte(val,4))
    17                           endm
    18  0000                     byte5	macro	val
    19                           	(getbyte(val,5))
    20                           endm
    21  0000                     byte6	macro	val
    22                           	(getbyte(val,6))
    23                           endm
    24  0000                     byte7	macro	val
    25                           	(getbyte(val,7))
    26                           endm
    27  0000                     getword	macro	val,pos
    28                           	(((val) >> (8 * pos)) and 0xffff)
    29                           endm
    30  0000                     word0	macro	val
    31                           	(getword(val,0))
    32                           endm
    33  0000                     word1	macro	val
    34                           	(getword(val,2))
    35                           endm
    36  0000                     word2	macro	val
    37                           	(getword(val,4))
    38                           endm
    39  0000                     word3	macro	val
    40                           	(getword(val,6))
    41                           endm
    42  0000                     gettword	macro	val,pos
    43                           	(((val) >> (8 * pos)) and 0xffffff)
    44                           endm
    45  0000                     tword0	macro	val
    46                           	(gettword(val,0))
    47                           endm
    48  0000                     tword1	macro	val
    49                           	(gettword(val,3))
    50                           endm
    51  0000                     tword2	macro	val
    52                           	(gettword(val,6))
    53                           endm
    54  0000                     getdword	macro	val,pos
    55                           	(((val) >> (8 * pos)) and 0xffffffff)
    56                           endm
    57  0000                     dword0	macro	val
    58                           	(getdword(val,0))
    59                           endm
    60  0000                     dword1	macro	val
    61                           	(getdword(val,4))
    62                           endm
    63  0000                     clrc	macro
    64                           	bcf	3,0
    65                           	endm
    66  0000                     clrz	macro
    67                           	bcf	3,2
    68                           	endm
    69  0000                     setc	macro
    70                           	bsf	3,0
    71                           	endm
    72  0000                     setz	macro
    73                           	bsf	3,2
    74                           	endm
    75  0000                     skipc	macro
    76                           	btfss	3,0
    77                           	endm
    78  0000                     skipz	macro
    79                           	btfss	3,2
    80                           	endm
    81  0000                     skipnc	macro
    82                           	btfsc	3,0
    83                           	endm
    84  0000                     skipnz	macro
    85                           	btfsc	3,2
    86                           	endm
    87  0000                     # 54 "C:\Program Files (x86)\Microchip\xc8\v2.00\pic\include\pic16f887.h"
    88                           INDF equ 00h ;# 
    89  0000                     # 61 "C:\Program Files (x86)\Microchip\xc8\v2.00\pic\include\pic16f887.h"
    90                           TMR0 equ 01h ;# 
    91  0001                     # 68 "C:\Program Files (x86)\Microchip\xc8\v2.00\pic\include\pic16f887.h"
    92                           PCL equ 02h ;# 
    93  0002                     # 75 "C:\Program Files (x86)\Microchip\xc8\v2.00\pic\include\pic16f887.h"
    94                           STATUS equ 03h ;# 
    95  0003                     # 161 "C:\Program Files (x86)\Microchip\xc8\v2.00\pic\include\pic16f887.h"
    96                           FSR equ 04h ;# 
    97  0004                     # 168 "C:\Program Files (x86)\Microchip\xc8\v2.00\pic\include\pic16f887.h"
    98                           PORTA equ 05h ;# 
    99  0005                     # 230 "C:\Program Files (x86)\Microchip\xc8\v2.00\pic\include\pic16f887.h"
   100                           PORTB equ 06h ;# 
   101  0006                     # 292 "C:\Program Files (x86)\Microchip\xc8\v2.00\pic\include\pic16f887.h"
   102                           PORTC equ 07h ;# 
   103  0007                     # 354 "C:\Program Files (x86)\Microchip\xc8\v2.00\pic\include\pic16f887.h"
   104                           PORTD equ 08h ;# 
   105  0008                     # 416 "C:\Program Files (x86)\Microchip\xc8\v2.00\pic\include\pic16f887.h"
   106                           PORTE equ 09h ;# 
   107  0009                     # 454 "C:\Program Files (x86)\Microchip\xc8\v2.00\pic\include\pic16f887.h"
   108                           PCLATH equ 0Ah ;# 
   109  000A                     # 461 "C:\Program Files (x86)\Microchip\xc8\v2.00\pic\include\pic16f887.h"
   110                           INTCON equ 0Bh ;# 
   111  000B                     # 539 "C:\Program Files (x86)\Microchip\xc8\v2.00\pic\include\pic16f887.h"
   112                           PIR1 equ 0Ch ;# 
   113  000C                     # 595 "C:\Program Files (x86)\Microchip\xc8\v2.00\pic\include\pic16f887.h"
   114                           PIR2 equ 0Dh ;# 
   115  000D                     # 652 "C:\Program Files (x86)\Microchip\xc8\v2.00\pic\include\pic16f887.h"
   116                           TMR1 equ 0Eh ;# 
   117  000E                     # 659 "C:\Program Files (x86)\Microchip\xc8\v2.00\pic\include\pic16f887.h"
   118                           TMR1L equ 0Eh ;# 
   119  000E                     # 666 "C:\Program Files (x86)\Microchip\xc8\v2.00\pic\include\pic16f887.h"
   120                           TMR1H equ 0Fh ;# 
   121  000F                     # 673 "C:\Program Files (x86)\Microchip\xc8\v2.00\pic\include\pic16f887.h"
   122                           T1CON equ 010h ;# 
   123  0010                     # 767 "C:\Program Files (x86)\Microchip\xc8\v2.00\pic\include\pic16f887.h"
   124                           TMR2 equ 011h ;# 
   125  0011                     # 774 "C:\Program Files (x86)\Microchip\xc8\v2.00\pic\include\pic16f887.h"
   126                           T2CON equ 012h ;# 
   127  0012                     # 845 "C:\Program Files (x86)\Microchip\xc8\v2.00\pic\include\pic16f887.h"
   128                           SSPBUF equ 013h ;# 
   129  0013                     # 852 "C:\Program Files (x86)\Microchip\xc8\v2.00\pic\include\pic16f887.h"
   130                           SSPCON equ 014h ;# 
   131  0014                     # 922 "C:\Program Files (x86)\Microchip\xc8\v2.00\pic\include\pic16f887.h"
   132                           CCPR1 equ 015h ;# 
   133  0015                     # 929 "C:\Program Files (x86)\Microchip\xc8\v2.00\pic\include\pic16f887.h"
   134                           CCPR1L equ 015h ;# 
   135  0015                     # 936 "C:\Program Files (x86)\Microchip\xc8\v2.00\pic\include\pic16f887.h"
   136                           CCPR1H equ 016h ;# 
   137  0016                     # 943 "C:\Program Files (x86)\Microchip\xc8\v2.00\pic\include\pic16f887.h"
   138                           CCP1CON equ 017h ;# 
   139  0017                     # 1040 "C:\Program Files (x86)\Microchip\xc8\v2.00\pic\include\pic16f887.h"
   140                           RCSTA equ 018h ;# 
   141  0018                     # 1135 "C:\Program Files (x86)\Microchip\xc8\v2.00\pic\include\pic16f887.h"
   142                           TXREG equ 019h ;# 
   143  0019                     # 1142 "C:\Program Files (x86)\Microchip\xc8\v2.00\pic\include\pic16f887.h"
   144                           RCREG equ 01Ah ;# 
   145  001A                     # 1149 "C:\Program Files (x86)\Microchip\xc8\v2.00\pic\include\pic16f887.h"
   146                           CCPR2 equ 01Bh ;# 
   147  001B                     # 1156 "C:\Program Files (x86)\Microchip\xc8\v2.00\pic\include\pic16f887.h"
   148                           CCPR2L equ 01Bh ;# 
   149  001B                     # 1163 "C:\Program Files (x86)\Microchip\xc8\v2.00\pic\include\pic16f887.h"
   150                           CCPR2H equ 01Ch ;# 
   151  001C                     # 1170 "C:\Program Files (x86)\Microchip\xc8\v2.00\pic\include\pic16f887.h"
   152                           CCP2CON equ 01Dh ;# 
   153  001D                     # 1240 "C:\Program Files (x86)\Microchip\xc8\v2.00\pic\include\pic16f887.h"
   154                           ADRESH equ 01Eh ;# 
   155  001E                     # 1247 "C:\Program Files (x86)\Microchip\xc8\v2.00\pic\include\pic16f887.h"
   156                           ADCON0 equ 01Fh ;# 
   157  001F                     # 1348 "C:\Program Files (x86)\Microchip\xc8\v2.00\pic\include\pic16f887.h"
   158                           OPTION_REG equ 081h ;# 
   159  0081                     # 1418 "C:\Program Files (x86)\Microchip\xc8\v2.00\pic\include\pic16f887.h"
   160                           TRISA equ 085h ;# 
   161  0085                     # 1480 "C:\Program Files (x86)\Microchip\xc8\v2.00\pic\include\pic16f887.h"
   162                           TRISB equ 086h ;# 
   163  0086                     # 1542 "C:\Program Files (x86)\Microchip\xc8\v2.00\pic\include\pic16f887.h"
   164                           TRISC equ 087h ;# 
   165  0087                     # 1604 "C:\Program Files (x86)\Microchip\xc8\v2.00\pic\include\pic16f887.h"
   166                           TRISD equ 088h ;# 
   167  0088                     # 1666 "C:\Program Files (x86)\Microchip\xc8\v2.00\pic\include\pic16f887.h"
   168                           TRISE equ 089h ;# 
   169  0089                     # 1704 "C:\Program Files (x86)\Microchip\xc8\v2.00\pic\include\pic16f887.h"
   170                           PIE1 equ 08Ch ;# 
   171  008C                     # 1760 "C:\Program Files (x86)\Microchip\xc8\v2.00\pic\include\pic16f887.h"
   172                           PIE2 equ 08Dh ;# 
   173  008D                     # 1817 "C:\Program Files (x86)\Microchip\xc8\v2.00\pic\include\pic16f887.h"
   174                           PCON equ 08Eh ;# 
   175  008E                     # 1864 "C:\Program Files (x86)\Microchip\xc8\v2.00\pic\include\pic16f887.h"
   176                           OSCCON equ 08Fh ;# 
   177  008F                     # 1929 "C:\Program Files (x86)\Microchip\xc8\v2.00\pic\include\pic16f887.h"
   178                           OSCTUNE equ 090h ;# 
   179  0090                     # 1981 "C:\Program Files (x86)\Microchip\xc8\v2.00\pic\include\pic16f887.h"
   180                           SSPCON2 equ 091h ;# 
   181  0091                     # 2043 "C:\Program Files (x86)\Microchip\xc8\v2.00\pic\include\pic16f887.h"
   182                           PR2 equ 092h ;# 
   183  0092                     # 2050 "C:\Program Files (x86)\Microchip\xc8\v2.00\pic\include\pic16f887.h"
   184                           SSPADD equ 093h ;# 
   185  0093                     # 2057 "C:\Program Files (x86)\Microchip\xc8\v2.00\pic\include\pic16f887.h"
   186                           SSPMSK equ 093h ;# 
   187  0093                     # 2062 "C:\Program Files (x86)\Microchip\xc8\v2.00\pic\include\pic16f887.h"
   188                           MSK equ 093h ;# 
   189  0093                     # 2179 "C:\Program Files (x86)\Microchip\xc8\v2.00\pic\include\pic16f887.h"
   190                           SSPSTAT equ 094h ;# 
   191  0094                     # 2348 "C:\Program Files (x86)\Microchip\xc8\v2.00\pic\include\pic16f887.h"
   192                           WPUB equ 095h ;# 
   193  0095                     # 2418 "C:\Program Files (x86)\Microchip\xc8\v2.00\pic\include\pic16f887.h"
   194                           IOCB equ 096h ;# 
   195  0096                     # 2488 "C:\Program Files (x86)\Microchip\xc8\v2.00\pic\include\pic16f887.h"
   196                           VRCON equ 097h ;# 
   197  0097                     # 2558 "C:\Program Files (x86)\Microchip\xc8\v2.00\pic\include\pic16f887.h"
   198                           TXSTA equ 098h ;# 
   199  0098                     # 2644 "C:\Program Files (x86)\Microchip\xc8\v2.00\pic\include\pic16f887.h"
   200                           SPBRG equ 099h ;# 
   201  0099                     # 2706 "C:\Program Files (x86)\Microchip\xc8\v2.00\pic\include\pic16f887.h"
   202                           SPBRGH equ 09Ah ;# 
   203  009A                     # 2776 "C:\Program Files (x86)\Microchip\xc8\v2.00\pic\include\pic16f887.h"
   204                           PWM1CON equ 09Bh ;# 
   205  009B                     # 2846 "C:\Program Files (x86)\Microchip\xc8\v2.00\pic\include\pic16f887.h"
   206                           ECCPAS equ 09Ch ;# 
   207  009C                     # 2928 "C:\Program Files (x86)\Microchip\xc8\v2.00\pic\include\pic16f887.h"
   208                           PSTRCON equ 09Dh ;# 
   209  009D                     # 2972 "C:\Program Files (x86)\Microchip\xc8\v2.00\pic\include\pic16f887.h"
   210                           ADRESL equ 09Eh ;# 
   211  009E                     # 2979 "C:\Program Files (x86)\Microchip\xc8\v2.00\pic\include\pic16f887.h"
   212                           ADCON1 equ 09Fh ;# 
   213  009F                     # 3013 "C:\Program Files (x86)\Microchip\xc8\v2.00\pic\include\pic16f887.h"
   214                           WDTCON equ 0105h ;# 
   215  0105                     # 3066 "C:\Program Files (x86)\Microchip\xc8\v2.00\pic\include\pic16f887.h"
   216                           CM1CON0 equ 0107h ;# 
   217  0107                     # 3131 "C:\Program Files (x86)\Microchip\xc8\v2.00\pic\include\pic16f887.h"
   218                           CM2CON0 equ 0108h ;# 
   219  0108                     # 3196 "C:\Program Files (x86)\Microchip\xc8\v2.00\pic\include\pic16f887.h"
   220                           CM2CON1 equ 0109h ;# 
   221  0109                     # 3247 "C:\Program Files (x86)\Microchip\xc8\v2.00\pic\include\pic16f887.h"
   222                           EEDATA equ 010Ch ;# 
   223  010C                     # 3252 "C:\Program Files (x86)\Microchip\xc8\v2.00\pic\include\pic16f887.h"
   224                           EEDAT equ 010Ch ;# 
   225  010C                     # 3259 "C:\Program Files (x86)\Microchip\xc8\v2.00\pic\include\pic16f887.h"
   226                           EEADR equ 010Dh ;# 
   227  010D                     # 3266 "C:\Program Files (x86)\Microchip\xc8\v2.00\pic\include\pic16f887.h"
   228                           EEDATH equ 010Eh ;# 
   229  010E                     # 3273 "C:\Program Files (x86)\Microchip\xc8\v2.00\pic\include\pic16f887.h"
   230                           EEADRH equ 010Fh ;# 
   231  010F                     # 3280 "C:\Program Files (x86)\Microchip\xc8\v2.00\pic\include\pic16f887.h"
   232                           SRCON equ 0185h ;# 
   233  0185                     # 3337 "C:\Program Files (x86)\Microchip\xc8\v2.00\pic\include\pic16f887.h"
   234                           BAUDCTL equ 0187h ;# 
   235  0187                     # 3389 "C:\Program Files (x86)\Microchip\xc8\v2.00\pic\include\pic16f887.h"
   236                           ANSEL equ 0188h ;# 
   237  0188                     # 3451 "C:\Program Files (x86)\Microchip\xc8\v2.00\pic\include\pic16f887.h"
   238                           ANSELH equ 0189h ;# 
   239  0189                     # 3501 "C:\Program Files (x86)\Microchip\xc8\v2.00\pic\include\pic16f887.h"
   240                           EECON1 equ 018Ch ;# 
   241  018C                     # 3546 "C:\Program Files (x86)\Microchip\xc8\v2.00\pic\include\pic16f887.h"
   242                           EECON2 equ 018Dh ;# 
   243  018D                     # 54 "C:\Program Files (x86)\Microchip\xc8\v2.00\pic\include\pic16f887.h"
   244                           INDF equ 00h ;# 
   245  0000                     # 61 "C:\Program Files (x86)\Microchip\xc8\v2.00\pic\include\pic16f887.h"
   246                           TMR0 equ 01h ;# 
   247  0001                     # 68 "C:\Program Files (x86)\Microchip\xc8\v2.00\pic\include\pic16f887.h"
   248                           PCL equ 02h ;# 
   249  0002                     # 75 "C:\Program Files (x86)\Microchip\xc8\v2.00\pic\include\pic16f887.h"
   250                           STATUS equ 03h ;# 
   251  0003                     # 161 "C:\Program Files (x86)\Microchip\xc8\v2.00\pic\include\pic16f887.h"
   252                           FSR equ 04h ;# 
   253  0004                     # 168 "C:\Program Files (x86)\Microchip\xc8\v2.00\pic\include\pic16f887.h"
   254                           PORTA equ 05h ;# 
   255  0005                     # 230 "C:\Program Files (x86)\Microchip\xc8\v2.00\pic\include\pic16f887.h"
   256                           PORTB equ 06h ;# 
   257  0006                     # 292 "C:\Program Files (x86)\Microchip\xc8\v2.00\pic\include\pic16f887.h"
   258                           PORTC equ 07h ;# 
   259  0007                     # 354 "C:\Program Files (x86)\Microchip\xc8\v2.00\pic\include\pic16f887.h"
   260                           PORTD equ 08h ;# 
   261  0008                     # 416 "C:\Program Files (x86)\Microchip\xc8\v2.00\pic\include\pic16f887.h"
   262                           PORTE equ 09h ;# 
   263  0009                     # 454 "C:\Program Files (x86)\Microchip\xc8\v2.00\pic\include\pic16f887.h"
   264                           PCLATH equ 0Ah ;# 
   265  000A                     # 461 "C:\Program Files (x86)\Microchip\xc8\v2.00\pic\include\pic16f887.h"
   266                           INTCON equ 0Bh ;# 
   267  000B                     # 539 "C:\Program Files (x86)\Microchip\xc8\v2.00\pic\include\pic16f887.h"
   268                           PIR1 equ 0Ch ;# 
   269  000C                     # 595 "C:\Program Files (x86)\Microchip\xc8\v2.00\pic\include\pic16f887.h"
   270                           PIR2 equ 0Dh ;# 
   271  000D                     # 652 "C:\Program Files (x86)\Microchip\xc8\v2.00\pic\include\pic16f887.h"
   272                           TMR1 equ 0Eh ;# 
   273  000E                     # 659 "C:\Program Files (x86)\Microchip\xc8\v2.00\pic\include\pic16f887.h"
   274                           TMR1L equ 0Eh ;# 
   275  000E                     # 666 "C:\Program Files (x86)\Microchip\xc8\v2.00\pic\include\pic16f887.h"
   276                           TMR1H equ 0Fh ;# 
   277  000F                     # 673 "C:\Program Files (x86)\Microchip\xc8\v2.00\pic\include\pic16f887.h"
   278                           T1CON equ 010h ;# 
   279  0010                     # 767 "C:\Program Files (x86)\Microchip\xc8\v2.00\pic\include\pic16f887.h"
   280                           TMR2 equ 011h ;# 
   281  0011                     # 774 "C:\Program Files (x86)\Microchip\xc8\v2.00\pic\include\pic16f887.h"
   282                           T2CON equ 012h ;# 
   283  0012                     # 845 "C:\Program Files (x86)\Microchip\xc8\v2.00\pic\include\pic16f887.h"
   284                           SSPBUF equ 013h ;# 
   285  0013                     # 852 "C:\Program Files (x86)\Microchip\xc8\v2.00\pic\include\pic16f887.h"
   286                           SSPCON equ 014h ;# 
   287  0014                     # 922 "C:\Program Files (x86)\Microchip\xc8\v2.00\pic\include\pic16f887.h"
   288                           CCPR1 equ 015h ;# 
   289  0015                     # 929 "C:\Program Files (x86)\Microchip\xc8\v2.00\pic\include\pic16f887.h"
   290                           CCPR1L equ 015h ;# 
   291  0015                     # 936 "C:\Program Files (x86)\Microchip\xc8\v2.00\pic\include\pic16f887.h"
   292                           CCPR1H equ 016h ;# 
   293  0016                     # 943 "C:\Program Files (x86)\Microchip\xc8\v2.00\pic\include\pic16f887.h"
   294                           CCP1CON equ 017h ;# 
   295  0017                     # 1040 "C:\Program Files (x86)\Microchip\xc8\v2.00\pic\include\pic16f887.h"
   296                           RCSTA equ 018h ;# 
   297  0018                     # 1135 "C:\Program Files (x86)\Microchip\xc8\v2.00\pic\include\pic16f887.h"
   298                           TXREG equ 019h ;# 
   299  0019                     # 1142 "C:\Program Files (x86)\Microchip\xc8\v2.00\pic\include\pic16f887.h"
   300                           RCREG equ 01Ah ;# 
   301  001A                     # 1149 "C:\Program Files (x86)\Microchip\xc8\v2.00\pic\include\pic16f887.h"
   302                           CCPR2 equ 01Bh ;# 
   303  001B                     # 1156 "C:\Program Files (x86)\Microchip\xc8\v2.00\pic\include\pic16f887.h"
   304                           CCPR2L equ 01Bh ;# 
   305  001B                     # 1163 "C:\Program Files (x86)\Microchip\xc8\v2.00\pic\include\pic16f887.h"
   306                           CCPR2H equ 01Ch ;# 
   307  001C                     # 1170 "C:\Program Files (x86)\Microchip\xc8\v2.00\pic\include\pic16f887.h"
   308                           CCP2CON equ 01Dh ;# 
   309  001D                     # 1240 "C:\Program Files (x86)\Microchip\xc8\v2.00\pic\include\pic16f887.h"
   310                           ADRESH equ 01Eh ;# 
   311  001E                     # 1247 "C:\Program Files (x86)\Microchip\xc8\v2.00\pic\include\pic16f887.h"
   312                           ADCON0 equ 01Fh ;# 
   313  001F                     # 1348 "C:\Program Files (x86)\Microchip\xc8\v2.00\pic\include\pic16f887.h"
   314                           OPTION_REG equ 081h ;# 
   315  0081                     # 1418 "C:\Program Files (x86)\Microchip\xc8\v2.00\pic\include\pic16f887.h"
   316                           TRISA equ 085h ;# 
   317  0085                     # 1480 "C:\Program Files (x86)\Microchip\xc8\v2.00\pic\include\pic16f887.h"
   318                           TRISB equ 086h ;# 
   319  0086                     # 1542 "C:\Program Files (x86)\Microchip\xc8\v2.00\pic\include\pic16f887.h"
   320                           TRISC equ 087h ;# 
   321  0087                     # 1604 "C:\Program Files (x86)\Microchip\xc8\v2.00\pic\include\pic16f887.h"
   322                           TRISD equ 088h ;# 
   323  0088                     # 1666 "C:\Program Files (x86)\Microchip\xc8\v2.00\pic\include\pic16f887.h"
   324                           TRISE equ 089h ;# 
   325  0089                     # 1704 "C:\Program Files (x86)\Microchip\xc8\v2.00\pic\include\pic16f887.h"
   326                           PIE1 equ 08Ch ;# 
   327  008C                     # 1760 "C:\Program Files (x86)\Microchip\xc8\v2.00\pic\include\pic16f887.h"
   328                           PIE2 equ 08Dh ;# 
   329  008D                     # 1817 "C:\Program Files (x86)\Microchip\xc8\v2.00\pic\include\pic16f887.h"
   330                           PCON equ 08Eh ;# 
   331  008E                     # 1864 "C:\Program Files (x86)\Microchip\xc8\v2.00\pic\include\pic16f887.h"
   332                           OSCCON equ 08Fh ;# 
   333  008F                     # 1929 "C:\Program Files (x86)\Microchip\xc8\v2.00\pic\include\pic16f887.h"
   334                           OSCTUNE equ 090h ;# 
   335  0090                     # 1981 "C:\Program Files (x86)\Microchip\xc8\v2.00\pic\include\pic16f887.h"
   336                           SSPCON2 equ 091h ;# 
   337  0091                     # 2043 "C:\Program Files (x86)\Microchip\xc8\v2.00\pic\include\pic16f887.h"
   338                           PR2 equ 092h ;# 
   339  0092                     # 2050 "C:\Program Files (x86)\Microchip\xc8\v2.00\pic\include\pic16f887.h"
   340                           SSPADD equ 093h ;# 
   341  0093                     # 2057 "C:\Program Files (x86)\Microchip\xc8\v2.00\pic\include\pic16f887.h"
   342                           SSPMSK equ 093h ;# 
   343  0093                     # 2062 "C:\Program Files (x86)\Microchip\xc8\v2.00\pic\include\pic16f887.h"
   344                           MSK equ 093h ;# 
   345  0093                     # 2179 "C:\Program Files (x86)\Microchip\xc8\v2.00\pic\include\pic16f887.h"
   346                           SSPSTAT equ 094h ;# 
   347  0094                     # 2348 "C:\Program Files (x86)\Microchip\xc8\v2.00\pic\include\pic16f887.h"
   348                           WPUB equ 095h ;# 
   349  0095                     # 2418 "C:\Program Files (x86)\Microchip\xc8\v2.00\pic\include\pic16f887.h"
   350                           IOCB equ 096h ;# 
   351  0096                     # 2488 "C:\Program Files (x86)\Microchip\xc8\v2.00\pic\include\pic16f887.h"
   352                           VRCON equ 097h ;# 
   353  0097                     # 2558 "C:\Program Files (x86)\Microchip\xc8\v2.00\pic\include\pic16f887.h"
   354                           TXSTA equ 098h ;# 
   355  0098                     # 2644 "C:\Program Files (x86)\Microchip\xc8\v2.00\pic\include\pic16f887.h"
   356                           SPBRG equ 099h ;# 
   357  0099                     # 2706 "C:\Program Files (x86)\Microchip\xc8\v2.00\pic\include\pic16f887.h"
   358                           SPBRGH equ 09Ah ;# 
   359  009A                     # 2776 "C:\Program Files (x86)\Microchip\xc8\v2.00\pic\include\pic16f887.h"
   360                           PWM1CON equ 09Bh ;# 
   361  009B                     # 2846 "C:\Program Files (x86)\Microchip\xc8\v2.00\pic\include\pic16f887.h"
   362                           ECCPAS equ 09Ch ;# 
   363  009C                     # 2928 "C:\Program Files (x86)\Microchip\xc8\v2.00\pic\include\pic16f887.h"
   364                           PSTRCON equ 09Dh ;# 
   365  009D                     # 2972 "C:\Program Files (x86)\Microchip\xc8\v2.00\pic\include\pic16f887.h"
   366                           ADRESL equ 09Eh ;# 
   367  009E                     # 2979 "C:\Program Files (x86)\Microchip\xc8\v2.00\pic\include\pic16f887.h"
   368                           ADCON1 equ 09Fh ;# 
   369  009F                     # 3013 "C:\Program Files (x86)\Microchip\xc8\v2.00\pic\include\pic16f887.h"
   370                           WDTCON equ 0105h ;# 
   371  0105                     # 3066 "C:\Program Files (x86)\Microchip\xc8\v2.00\pic\include\pic16f887.h"
   372                           CM1CON0 equ 0107h ;# 
   373  0107                     # 3131 "C:\Program Files (x86)\Microchip\xc8\v2.00\pic\include\pic16f887.h"
   374                           CM2CON0 equ 0108h ;# 
   375  0108                     # 3196 "C:\Program Files (x86)\Microchip\xc8\v2.00\pic\include\pic16f887.h"
   376                           CM2CON1 equ 0109h ;# 
   377  0109                     # 3247 "C:\Program Files (x86)\Microchip\xc8\v2.00\pic\include\pic16f887.h"
   378                           EEDATA equ 010Ch ;# 
   379  010C                     # 3252 "C:\Program Files (x86)\Microchip\xc8\v2.00\pic\include\pic16f887.h"
   380                           EEDAT equ 010Ch ;# 
   381  010C                     # 3259 "C:\Program Files (x86)\Microchip\xc8\v2.00\pic\include\pic16f887.h"
   382                           EEADR equ 010Dh ;# 
   383  010D                     # 3266 "C:\Program Files (x86)\Microchip\xc8\v2.00\pic\include\pic16f887.h"
   384                           EEDATH equ 010Eh ;# 
   385  010E                     # 3273 "C:\Program Files (x86)\Microchip\xc8\v2.00\pic\include\pic16f887.h"
   386                           EEADRH equ 010Fh ;# 
   387  010F                     # 3280 "C:\Program Files (x86)\Microchip\xc8\v2.00\pic\include\pic16f887.h"
   388                           SRCON equ 0185h ;# 
   389  0185                     # 3337 "C:\Program Files (x86)\Microchip\xc8\v2.00\pic\include\pic16f887.h"
   390                           BAUDCTL equ 0187h ;# 
   391  0187                     # 3389 "C:\Program Files (x86)\Microchip\xc8\v2.00\pic\include\pic16f887.h"
   392                           ANSEL equ 0188h ;# 
   393  0188                     # 3451 "C:\Program Files (x86)\Microchip\xc8\v2.00\pic\include\pic16f887.h"
   394                           ANSELH equ 0189h ;# 
   395  0189                     # 3501 "C:\Program Files (x86)\Microchip\xc8\v2.00\pic\include\pic16f887.h"
   396                           EECON1 equ 018Ch ;# 
   397  018C                     # 3546 "C:\Program Files (x86)\Microchip\xc8\v2.00\pic\include\pic16f887.h"
   398                           EECON2 equ 018Dh ;# 
   399  018D                     	FNROOT	_main
   400                           	global	_PORTDbits
   401                           _PORTDbits	set	0x8
   402  0008                     	global	_TRISDbits
   403                           _TRISDbits	set	0x88
   404  0088                     ; #config settings
   405                           global __CFG_FOSC$INTRC_NOCLKOUT
   406                           __CFG_FOSC$INTRC_NOCLKOUT equ 0x0
   407  0000                     global __CFG_WDTE$OFF
   408                           __CFG_WDTE$OFF equ 0x0
   409  0000                     global __CFG_MCLRE$OFF
   410                           __CFG_MCLRE$OFF equ 0x0
   411  0000                     global __CFG_LVP$OFF
   412                           __CFG_LVP$OFF equ 0x0
   413  0000                     	file	"C:\Users\20184384\AppData\Local\Temp\s22s."
   414                           	line	#
   415                           psect cinit,class=CODE,delta=2
   416                           global start_initialization
   417                           start_initialization:
   418  07FC                     
   419                           global __initialization
   420                           __initialization:
   421  07FC                     psect cinit,class=CODE,delta=2,merge=1
   422                           global end_of_initialization,__end_of__initialization
   423                           
   424                           ;End of C runtime variable initialization code
   425                           
   426                           end_of_initialization:
   427  07FC                     __end_of__initialization:
   428  07FC                     clrf status
   429  07FC  0183               ljmp _main	;jump to C main() function
   430  07FD  120A  118A  2F36   psect	cstackCOMMON,class=COMMON,space=1,noexec
   431                           global __pcstackCOMMON
   432                           __pcstackCOMMON:
   433  0070                     ?_main:	; 1 bytes @ 0x0
   434  0070                     ??_main:	; 1 bytes @ 0x0
   435  0070                     	ds	3
   436  0070                     ;!
   437                           ;!Data Sizes:
   438                           ;!    Strings     0
   439                           ;!    Constant    0
   440                           ;!    Data        0
   441                           ;!    BSS         0
   442                           ;!    Persistent  0
   443                           ;!    Stack       0
   444                           ;!
   445                           ;!Auto Spaces:
   446                           ;!    Space          Size  Autos    Used
   447                           ;!    COMMON           14      3       3
   448                           ;!    BANK0            80      0       0
   449                           ;!    BANK1            80      0       0
   450                           ;!    BANK3            96      0       0
   451                           ;!    BANK2            96      0       0
   452                           
   453                           ;!
   454                           ;!Pointer List with Targets:
   455                           ;!
   456                           ;!    None.
   457                           
   458                           
   459                           ;!
   460                           ;!Critical Paths under _main in COMMON
   461                           ;!
   462                           ;!    None.
   463                           ;!
   464                           ;!Critical Paths under _main in BANK0
   465                           ;!
   466                           ;!    None.
   467                           ;!
   468                           ;!Critical Paths under _main in BANK1
   469                           ;!
   470                           ;!    None.
   471                           ;!
   472                           ;!Critical Paths under _main in BANK3
   473                           ;!
   474                           ;!    None.
   475                           ;!
   476                           ;!Critical Paths under _main in BANK2
   477                           ;!
   478                           ;!    None.
   479                           
   480 ;;
   481 ;;Main: autosize = 0, tempsize = 3, incstack = 0, save=0
   482 ;;
   483                           
   484                           ;!
   485                           ;!Call Graph Tables:
   486                           ;!
   487                           ;! ---------------------------------------------------------------------------------
   488                           ;! (Depth) Function   	        Calls       Base Space   Used Autos Params    Refs
   489                           ;! ---------------------------------------------------------------------------------
   490                           ;! (0) _main                                                 3     3      0       0
   491                           ;!                                              0 COMMON     3     3      0
   492                           ;! ---------------------------------------------------------------------------------
   493                           ;! Estimated maximum stack depth 0
   494                           ;! ---------------------------------------------------------------------------------
   495                           ;!
   496                           ;! Call Graph Graphs:
   497                           ;!
   498                           ;! _main (ROOT)
   499                           ;!
   500                           
   501                           ;! Address spaces:
   502                           
   503                           ;!Name               Size   Autos  Total    Cost      Usage
   504                           ;!BITCOMMON            E      0       0       0        0.0%
   505                           ;!EEDATA             100      0       0       0        0.0%
   506                           ;!NULL                 0      0       0       0        0.0%
   507                           ;!CODE                 0      0       0       0        0.0%
   508                           ;!COMMON               E      3       3       1       21.4%
   509                           ;!BITSFR0              0      0       0       1        0.0%
   510                           ;!SFR0                 0      0       0       1        0.0%
   511                           ;!BITSFR1              0      0       0       2        0.0%
   512                           ;!SFR1                 0      0       0       2        0.0%
   513                           ;!STACK                0      0       0       2        0.0%
   514                           ;!ABS                  0      0       0       3        0.0%
   515                           ;!BITBANK0            50      0       0       4        0.0%
   516                           ;!BITSFR3              0      0       0       4        0.0%
   517                           ;!SFR3                 0      0       0       4        0.0%
   518                           ;!BANK0               50      0       0       5        0.0%
   519                           ;!BITSFR2              0      0       0       5        0.0%
   520                           ;!SFR2                 0      0       0       5        0.0%
   521                           ;!BITBANK1            50      0       0       6        0.0%
   522                           ;!BANK1               50      0       0       7        0.0%
   523                           ;!BITBANK3            60      0       0       8        0.0%
   524                           ;!BANK3               60      0       0       9        0.0%
   525                           ;!BITBANK2            60      0       0      10        0.0%
   526                           ;!BANK2               60      0       0      11        0.0%
   527                           ;!DATA                 0      0       0      12        0.0%
   528                           
   529                           	global	_main
   530                           
   531 ;; *************** function _main *****************
   532 ;; Defined at:
   533 ;;		line 17 in file "mainpiscaLed2.c"
   534 ;; Parameters:    Size  Location     Type
   535 ;;		None
   536 ;; Auto vars:     Size  Location     Type
   537 ;;		None
   538 ;; Return value:  Size  Location     Type
   539 ;;                  1    wreg      void 
   540 ;; Registers used:
   541 ;;		wreg, status,2, status,0
   542 ;; Tracked objects:
   543 ;;		On entry : B00/0
   544 ;;		On exit  : 0/0
   545 ;;		Unchanged: 0/0
   546 ;; Data sizes:     COMMON   BANK0   BANK1   BANK3   BANK2
   547 ;;      Params:         0       0       0       0       0
   548 ;;      Locals:         0       0       0       0       0
   549 ;;      Temps:          3       0       0       0       0
   550 ;;      Totals:         3       0       0       0       0
   551 ;;Total ram usage:        3 bytes
   552 ;; This function calls:
   553 ;;		Nothing
   554 ;; This function is called by:
   555 ;;		Startup code after reset
   556 ;; This function uses a non-reentrant model
   557 ;;
   558                           psect	maintext,global,class=CODE,delta=2,split=1,group=0
   559                           	file	"mainpiscaLed2.c"
   560                           	line	17
   561                           global __pmaintext
   562                           __pmaintext:	;psect for function _main
   563  0736                     psect	maintext
   564                           	file	"mainpiscaLed2.c"
   565                           	line	17
   566                           	global	__size_of_main
   567                           	__size_of_main	equ	__end_of_main-_main
   568  00C6                     	
   569                           _main:	
   570  0736                     ;incstack = 0
   571                           	opt	stack 8
   572                           ; Regs used in _main: [wreg+status,2+status,0]
   573                           	line	19
   574                           	
   575                           l592:	
   576  0736                     ;mainpiscaLed2.c: 19:     TRISDbits.TRISD0=1;
   577                           	bsf	status, 5	;RP0=1, select bank1
   578  0736  1683               	bcf	status, 6	;RP1=0, select bank1
   579  0737  1303               	bsf	(136)^080h,0	;volatile
   580  0738  1408               	line	20
   581                           ;mainpiscaLed2.c: 20:     TRISDbits.TRISD1=1;
   582                           	bsf	(136)^080h,1	;volatile
   583  0739  1488               	line	21
   584                           ;mainpiscaLed2.c: 21:     TRISDbits.TRISD3=0;
   585                           	bcf	(136)^080h,3	;volatile
   586  073A  1188               	line	22
   587                           ;mainpiscaLed2.c: 22:     TRISDbits.TRISD2=0;
   588                           	bcf	(136)^080h,2	;volatile
   589  073B  1108               	line	24
   590                           ;mainpiscaLed2.c: 24:     PORTDbits.RD2=0;
   591                           	bcf	status, 5	;RP0=0, select bank0
   592  073C  1283               	bcf	status, 6	;RP1=0, select bank0
   593  073D  1303               	bcf	(8),2	;volatile
   594  073E  1108               	line	25
   595                           ;mainpiscaLed2.c: 25:     PORTDbits.RD3=0;
   596                           	bcf	(8),3	;volatile
   597  073F  1188               	goto	l594
   598  0740  2F41               	line	27
   599                           ;mainpiscaLed2.c: 27:     while(1)
   600                           	
   601                           l11:	
   602  0741                     	line	29
   603                           	
   604                           l594:	
   605  0741                     ;mainpiscaLed2.c: 28:     {;mainpiscaLed2.c: 29:     if(PORTDbits.RD0==0 & PORTDbits.RD1
                                 ==0)
   606                           	bcf	status, 5	;RP0=0, select bank0
   607  0741  1283               	bcf	status, 6	;RP1=0, select bank0
   608  0742  1303               	btfss	(8),1	;volatile
   609  0743  1C88               	goto	u11
   610  0744  2F46               	goto	u10
   611  0745  2F48               u11:
   612  0746                     	movlw	1
   613  0746  3001               	goto	u12
   614  0747  2F49               u10:
   615  0748                     	movlw	0
   616  0748  3000               u12:
   617  0749                     	
   618                           	movwf	(??_main+0)+0
   619  0749  00F0               	btfss	(8),0	;volatile
   620  074A  1C08               	goto	u21
   621  074B  2F4D               	goto	u20
   622  074C  2F4F               u21:
   623  074D                     	movlw	1
   624  074D  3001               	goto	u22
   625  074E  2F50               u20:
   626  074F                     	movlw	0
   627  074F  3000               u22:
   628  0750                     	
   629                           	andwf	(??_main+0)+0,w
   630  0750  0570               	iorlw	0
   631  0751  3800               	skipnz
   632  0752  1903               	goto	u31
   633  0753  2F55               	goto	u30
   634  0754  2F56               u31:
   635  0755                     	goto	l12
   636  0755  2F77               u30:
   637  0756                     	line	31
   638                           	
   639                           l596:	
   640  0756                     ;mainpiscaLed2.c: 30:     {;mainpiscaLed2.c: 31:         PORTDbits.RD2=1,PORTDbits.RD3=0
                                 ;
   641                           	bsf	(8),2	;volatile
   642  0756  1508               	bcf	(8),3	;volatile
   643  0757  1188               	line	32
   644                           	
   645                           l598:	
   646  0758                     ;mainpiscaLed2.c: 32:         _delay((unsigned long)((500)*(4000000/4000.0)));
   647                           	opt asmopt_push
   648                           opt asmopt_off
   649                           movlw  3
   650  0758  3003               movwf	((??_main+0)+0+2),f
   651  0759  00F2               movlw	138
   652  075A  308A               movwf	((??_main+0)+0+1),f
   653  075B  00F1               	movlw	85
   654  075C  3055               movwf	((??_main+0)+0),f
   655  075D  00F0               	u67:
   656  075E                     decfsz	((??_main+0)+0),f
   657  075E  0BF0               	goto	u67
   658  075F  2F5E               	decfsz	((??_main+0)+0+1),f
   659  0760  0BF1               	goto	u67
   660  0761  2F5E               	decfsz	((??_main+0)+0+2),f
   661  0762  0BF2               	goto	u67
   662  0763  2F5E               	nop2
   663  0764  2F65               opt asmopt_pop
   664                           
   665                           	line	34
   666                           	
   667                           l600:	
   668  0765                     ;mainpiscaLed2.c: 34:         PORTDbits.RD2=0,PORTDbits.RD3=1;
   669                           	bcf	status, 5	;RP0=0, select bank0
   670  0765  1283               	bcf	status, 6	;RP1=0, select bank0
   671  0766  1303               	bcf	(8),2	;volatile
   672  0767  1108               	
   673                           l602:	
   674  0768                     	bsf	(8),3	;volatile
   675  0768  1588               	line	35
   676                           ;mainpiscaLed2.c: 35:         _delay((unsigned long)((500)*(4000000/4000.0)));
   677                           	opt asmopt_push
   678                           opt asmopt_off
   679                           movlw  3
   680  0769  3003               movwf	((??_main+0)+0+2),f
   681  076A  00F2               movlw	138
   682  076B  308A               movwf	((??_main+0)+0+1),f
   683  076C  00F1               	movlw	85
   684  076D  3055               movwf	((??_main+0)+0),f
   685  076E  00F0               	u77:
   686  076F                     decfsz	((??_main+0)+0),f
   687  076F  0BF0               	goto	u77
   688  0770  2F6F               	decfsz	((??_main+0)+0+1),f
   689  0771  0BF1               	goto	u77
   690  0772  2F6F               	decfsz	((??_main+0)+0+2),f
   691  0773  0BF2               	goto	u77
   692  0774  2F6F               	nop2
   693  0775  2F76               opt asmopt_pop
   694                           
   695                           	line	36
   696                           ;mainpiscaLed2.c: 36:     }
   697                           	goto	l610
   698  0776  2FB2               	line	37
   699                           ;mainpiscaLed2.c: 37:     else
   700                           	
   701                           l12:	
   702  0777                     	line	39
   703                           ;mainpiscaLed2.c: 38:     {;mainpiscaLed2.c: 39:         PORTDbits.RD2=1,PORTDbits.RD3=0
                                 ;
   704                           	bsf	(8),2	;volatile
   705  0777  1508               	bcf	(8),3	;volatile
   706  0778  1188               	line	40
   707                           	
   708                           l604:	
   709  0779                     ;mainpiscaLed2.c: 40:         _delay((unsigned long)((1000)*(4000000/4000.0)));
   710                           	opt asmopt_push
   711                           opt asmopt_off
   712                           movlw  6
   713  0779  3006               movwf	((??_main+0)+0+2),f
   714  077A  00F2               movlw	19
   715  077B  3013               movwf	((??_main+0)+0+1),f
   716  077C  00F1               	movlw	173
   717  077D  30AD               movwf	((??_main+0)+0),f
   718  077E  00F0               	u87:
   719  077F                     decfsz	((??_main+0)+0),f
   720  077F  0BF0               	goto	u87
   721  0780  2F7F               	decfsz	((??_main+0)+0+1),f
   722  0781  0BF1               	goto	u87
   723  0782  2F7F               	decfsz	((??_main+0)+0+2),f
   724  0783  0BF2               	goto	u87
   725  0784  2F7F               	nop2
   726  0785  2F86               opt asmopt_pop
   727                           
   728                           	line	41
   729                           ;mainpiscaLed2.c: 41:         _delay((unsigned long)((1000)*(4000000/4000.0)));
   730                           	opt asmopt_push
   731                           opt asmopt_off
   732                           movlw  6
   733  0786  3006               movwf	((??_main+0)+0+2),f
   734  0787  00F2               movlw	19
   735  0788  3013               movwf	((??_main+0)+0+1),f
   736  0789  00F1               	movlw	173
   737  078A  30AD               movwf	((??_main+0)+0),f
   738  078B  00F0               	u97:
   739  078C                     decfsz	((??_main+0)+0),f
   740  078C  0BF0               	goto	u97
   741  078D  2F8C               	decfsz	((??_main+0)+0+1),f
   742  078E  0BF1               	goto	u97
   743  078F  2F8C               	decfsz	((??_main+0)+0+2),f
   744  0790  0BF2               	goto	u97
   745  0791  2F8C               	nop2
   746  0792  2F93               opt asmopt_pop
   747                           
   748                           	line	44
   749                           	
   750                           l606:	
   751  0793                     ;mainpiscaLed2.c: 44:         PORTDbits.RD2=0,PORTDbits.RD3=1;
   752                           	bcf	status, 5	;RP0=0, select bank0
   753  0793  1283               	bcf	status, 6	;RP1=0, select bank0
   754  0794  1303               	bcf	(8),2	;volatile
   755  0795  1108               	
   756                           l608:	
   757  0796                     	bsf	(8),3	;volatile
   758  0796  1588               	line	46
   759                           ;mainpiscaLed2.c: 46:         _delay((unsigned long)((1000)*(4000000/4000.0)));
   760                           	opt asmopt_push
   761                           opt asmopt_off
   762                           movlw  6
   763  0797  3006               movwf	((??_main+0)+0+2),f
   764  0798  00F2               movlw	19
   765  0799  3013               movwf	((??_main+0)+0+1),f
   766  079A  00F1               	movlw	173
   767  079B  30AD               movwf	((??_main+0)+0),f
   768  079C  00F0               	u107:
   769  079D                     decfsz	((??_main+0)+0),f
   770  079D  0BF0               	goto	u107
   771  079E  2F9D               	decfsz	((??_main+0)+0+1),f
   772  079F  0BF1               	goto	u107
   773  07A0  2F9D               	decfsz	((??_main+0)+0+2),f
   774  07A1  0BF2               	goto	u107
   775  07A2  2F9D               	nop2
   776  07A3  2FA4               opt asmopt_pop
   777                           
   778                           	line	47
   779                           ;mainpiscaLed2.c: 47:         _delay((unsigned long)((1000)*(4000000/4000.0)));
   780                           	opt asmopt_push
   781                           opt asmopt_off
   782                           movlw  6
   783  07A4  3006               movwf	((??_main+0)+0+2),f
   784  07A5  00F2               movlw	19
   785  07A6  3013               movwf	((??_main+0)+0+1),f
   786  07A7  00F1               	movlw	173
   787  07A8  30AD               movwf	((??_main+0)+0),f
   788  07A9  00F0               	u117:
   789  07AA                     decfsz	((??_main+0)+0),f
   790  07AA  0BF0               	goto	u117
   791  07AB  2FAA               	decfsz	((??_main+0)+0+1),f
   792  07AC  0BF1               	goto	u117
   793  07AD  2FAA               	decfsz	((??_main+0)+0+2),f
   794  07AE  0BF2               	goto	u117
   795  07AF  2FAA               	nop2
   796  07B0  2FB1               opt asmopt_pop
   797                           
   798                           	goto	l610
   799  07B1  2FB2               	line	50
   800                           ;mainpiscaLed2.c: 50:     }
   801                           	
   802                           l13:	
   803  07B2                     	line	52
   804                           	
   805                           l610:	
   806  07B2                     ;mainpiscaLed2.c: 52:      if(PORTDbits.RD0||PORTDbits.RD1==1)
   807                           	bcf	status, 5	;RP0=0, select bank0
   808  07B2  1283               	bcf	status, 6	;RP1=0, select bank0
   809  07B3  1303               	btfsc	(8),0	;volatile
   810  07B4  1808               	goto	u41
   811  07B5  2FB7               	goto	u40
   812  07B6  2FB8               u41:
   813  07B7                     	goto	l16
   814  07B7  2FBC               u40:
   815  07B8                     	
   816                           l612:	
   817  07B8                     	btfss	(8),1	;volatile
   818  07B8  1C88               	goto	u51
   819  07B9  2FBB               	goto	u50
   820  07BA  2FBC               u51:
   821  07BB                     	goto	l594
   822  07BB  2F41               u50:
   823  07BC                     	
   824                           l16:	
   825  07BC                     	line	54
   826                           ;mainpiscaLed2.c: 53:     {;mainpiscaLed2.c: 54:         PORTDbits.RD2=1,PORTDbits.RD3=0
                                 ;
   827                           	bsf	(8),2	;volatile
   828  07BC  1508               	bcf	(8),3	;volatile
   829  07BD  1188               	line	55
   830                           	
   831                           l614:	
   832  07BE                     ;mainpiscaLed2.c: 55:         _delay((unsigned long)((500)*(4000000/4000.0)));
   833                           	opt asmopt_push
   834                           opt asmopt_off
   835                           movlw  3
   836  07BE  3003               movwf	((??_main+0)+0+2),f
   837  07BF  00F2               movlw	138
   838  07C0  308A               movwf	((??_main+0)+0+1),f
   839  07C1  00F1               	movlw	85
   840  07C2  3055               movwf	((??_main+0)+0),f
   841  07C3  00F0               	u127:
   842  07C4                     decfsz	((??_main+0)+0),f
   843  07C4  0BF0               	goto	u127
   844  07C5  2FC4               	decfsz	((??_main+0)+0+1),f
   845  07C6  0BF1               	goto	u127
   846  07C7  2FC4               	decfsz	((??_main+0)+0+2),f
   847  07C8  0BF2               	goto	u127
   848  07C9  2FC4               	nop2
   849  07CA  2FCB               opt asmopt_pop
   850                           
   851                           	line	56
   852                           ;mainpiscaLed2.c: 56:         _delay((unsigned long)((500)*(4000000/4000.0)));
   853                           	opt asmopt_push
   854                           opt asmopt_off
   855                           movlw  3
   856  07CB  3003               movwf	((??_main+0)+0+2),f
   857  07CC  00F2               movlw	138
   858  07CD  308A               movwf	((??_main+0)+0+1),f
   859  07CE  00F1               	movlw	85
   860  07CF  3055               movwf	((??_main+0)+0),f
   861  07D0  00F0               	u137:
   862  07D1                     decfsz	((??_main+0)+0),f
   863  07D1  0BF0               	goto	u137
   864  07D2  2FD1               	decfsz	((??_main+0)+0+1),f
   865  07D3  0BF1               	goto	u137
   866  07D4  2FD1               	decfsz	((??_main+0)+0+2),f
   867  07D5  0BF2               	goto	u137
   868  07D6  2FD1               	nop2
   869  07D7  2FD8               opt asmopt_pop
   870                           
   871                           	line	58
   872                           	
   873                           l616:	
   874  07D8                     ;mainpiscaLed2.c: 58:          PORTDbits.RD2=0,PORTDbits.RD3=1;
   875                           	bcf	status, 5	;RP0=0, select bank0
   876  07D8  1283               	bcf	status, 6	;RP1=0, select bank0
   877  07D9  1303               	bcf	(8),2	;volatile
   878  07DA  1108               	
   879                           l618:	
   880  07DB                     	bsf	(8),3	;volatile
   881  07DB  1588               	line	59
   882                           ;mainpiscaLed2.c: 59:         _delay((unsigned long)((500)*(4000000/4000.0)));
   883                           	opt asmopt_push
   884                           opt asmopt_off
   885                           movlw  3
   886  07DC  3003               movwf	((??_main+0)+0+2),f
   887  07DD  00F2               movlw	138
   888  07DE  308A               movwf	((??_main+0)+0+1),f
   889  07DF  00F1               	movlw	85
   890  07E0  3055               movwf	((??_main+0)+0),f
   891  07E1  00F0               	u147:
   892  07E2                     decfsz	((??_main+0)+0),f
   893  07E2  0BF0               	goto	u147
   894  07E3  2FE2               	decfsz	((??_main+0)+0+1),f
   895  07E4  0BF1               	goto	u147
   896  07E5  2FE2               	decfsz	((??_main+0)+0+2),f
   897  07E6  0BF2               	goto	u147
   898  07E7  2FE2               	nop2
   899  07E8  2FE9               opt asmopt_pop
   900                           
   901                           	line	60
   902                           ;mainpiscaLed2.c: 60:         _delay((unsigned long)((500)*(4000000/4000.0)));
   903                           	opt asmopt_push
   904                           opt asmopt_off
   905                           movlw  3
   906  07E9  3003               movwf	((??_main+0)+0+2),f
   907  07EA  00F2               movlw	138
   908  07EB  308A               movwf	((??_main+0)+0+1),f
   909  07EC  00F1               	movlw	85
   910  07ED  3055               movwf	((??_main+0)+0),f
   911  07EE  00F0               	u157:
   912  07EF                     decfsz	((??_main+0)+0),f
   913  07EF  0BF0               	goto	u157
   914  07F0  2FEF               	decfsz	((??_main+0)+0+1),f
   915  07F1  0BF1               	goto	u157
   916  07F2  2FEF               	decfsz	((??_main+0)+0+2),f
   917  07F3  0BF2               	goto	u157
   918  07F4  2FEF               	nop2
   919  07F5  2FF6               opt asmopt_pop
   920                           
   921                           	goto	l594
   922  07F6  2F41               	line	63
   923                           ;mainpiscaLed2.c: 63:     }
   924                           	
   925                           l14:	
   926  07F7                     	goto	l594
   927  07F7  2F41               	line	68
   928                           ;mainpiscaLed2.c: 68:     }
   929                           	
   930                           l17:	
   931  07F8                     	goto	l594
   932  07F8  2F41               	
   933                           l18:	
   934  07F9                     	line	69
   935                           	
   936                           l19:	
   937  07F9                     	global	start
   938                           	ljmp	start
   939  07F9  120A  118A  2800   	opt stack 0
   940                           GLOBAL	__end_of_main
   941                           	__end_of_main:
   942  07FC                     	signat	_main,89
   943                           global	___latbits
   944                           ___latbits	equ	2
   945  0002                     	global	btemp
   946                           	btemp set 07Eh
   947  007E                     
   948                           	DABS	1,126,2	;btemp
   949                           	global	wtemp0
   950                           	wtemp0 set btemp+0
   951  007E                     	end


Data Sizes:
    Strings     0
    Constant    0
    Data        0
    BSS         0
    Persistent  0
    Stack       0

Auto Spaces:
    Space          Size  Autos    Used
    COMMON           14      3       3
    BANK0            80      0       0
    BANK1            80      0       0
    BANK3            96      0       0
    BANK2            96      0       0

Pointer List with Targets:

    None.

Critical Paths under _main in COMMON

    None.

Critical Paths under _main in BANK0

    None.

Critical Paths under _main in BANK1

    None.

Critical Paths under _main in BANK3

    None.

Critical Paths under _main in BANK2

    None.

Call Graph Tables:

 ---------------------------------------------------------------------------------
 (Depth) Function   	        Calls       Base Space   Used Autos Params    Refs
 ---------------------------------------------------------------------------------
 (0) _main                                                 3     3      0       0
                                              0 COMMON     3     3      0
 ---------------------------------------------------------------------------------
 Estimated maximum stack depth 0
 ---------------------------------------------------------------------------------

 Call Graph Graphs:

 _main (ROOT)

 Address spaces:
Name               Size   Autos  Total    Cost      Usage
BITCOMMON            E      0       0       0        0.0%
EEDATA             100      0       0       0        0.0%
NULL                 0      0       0       0        0.0%
CODE                 0      0       0       0        0.0%
COMMON               E      3       3       1       21.4%
BITSFR0              0      0       0       1        0.0%
SFR0                 0      0       0       1        0.0%
BITSFR1              0      0       0       2        0.0%
SFR1                 0      0       0       2        0.0%
STACK                0      0       0       2        0.0%
ABS                  0      0       0       3        0.0%
BITBANK0            50      0       0       4        0.0%
BITSFR3              0      0       0       4        0.0%
SFR3                 0      0       0       4        0.0%
BANK0               50      0       0       5        0.0%
BITSFR2              0      0       0       5        0.0%
SFR2                 0      0       0       5        0.0%
BITBANK1            50      0       0       6        0.0%
BANK1               50      0       0       7        0.0%
BITBANK3            60      0       0       8        0.0%
BANK3               60      0       0       9        0.0%
BITBANK2            60      0       0      10        0.0%
BANK2               60      0       0      11        0.0%
DATA                 0      0       0      12        0.0%


Microchip Technology PIC Macro Assembler V2.00 build -1524193055 
Symbol Table                                                                                   Mon Mar 09 10:59:34 2020

                      l11 0741                        l12 0777                        l13 07B2  
                      l14 07F7                        l16 07BC                        l17 07F8  
                      l18 07F9                        l19 07F9                        u10 0748  
                      u11 0746                        u20 074F                        u12 0749  
                      u21 074D                        u30 0756                        u22 0750  
                      u31 0755                        u40 07B8                        u41 07B7  
                      u50 07BC                        u51 07BB                        u67 075E  
                      u77 076F                        u87 077F                        u97 078C  
                     l600 0765                       l610 07B2                       l602 0768  
                     l612 07B8                       l604 0779                       l614 07BE  
                     l606 0793                       l616 07D8                       l608 0796  
                     l618 07DB                       l592 0736                       l594 0741  
                     l596 0756                       l598 0758                       u107 079D  
                     u117 07AA                       u127 07C4                       u137 07D1  
                     u147 07E2                       u157 07EF              __CFG_LVP$OFF 0000  
                    _main 0736                      btemp 007E                      start 0000  
                   ?_main 0070             __CFG_WDTE$OFF 0000                     status 0003  
                   wtemp0 007E            __CFG_MCLRE$OFF 0000           __initialization 07FC  
            __end_of_main 07FC                    ??_main 0070   __end_of__initialization 07FC  
          __pcstackCOMMON 0070                __pmaintext 0736      end_of_initialization 07FC  
               _PORTDbits 0008                 _TRISDbits 0088       start_initialization 07FC  
__CFG_FOSC$INTRC_NOCLKOUT 0000                 ___latbits 0002             __size_of_main 00C6  
